{"C:\\mikrotik\\_Projects\\tanqueFacil\\hooks\\useAbastecimentos.ts": {"path":"C:\\mikrotik\\_Projects\\tanqueFacil\\hooks\\useAbastecimentos.ts","statementMap":{"0":{"start":{"line":5,"column":33},"end":{"line":148,"column":1}},"1":{"start":{"line":6,"column":46},"end":{"line":6,"column":75}},"2":{"start":{"line":7,"column":32},"end":{"line":7,"column":47}},"3":{"start":{"line":8,"column":28},"end":{"line":8,"column":57}},"4":{"start":{"line":11,"column":29},"end":{"line":31,"column":8}},"5":{"start":{"line":12,"column":4},"end":{"line":12,"column":21}},"6":{"start":{"line":13,"column":4},"end":{"line":13,"column":19}},"7":{"start":{"line":15,"column":4},"end":{"line":30,"column":5}},"8":{"start":{"line":16,"column":22},"end":{"line":16,"column":82}},"9":{"start":{"line":17,"column":6},"end":{"line":24,"column":7}},"10":{"start":{"line":19,"column":8},"end":{"line":19,"column":70}},"11":{"start":{"line":20,"column":8},"end":{"line":20,"column":20}},"12":{"start":{"line":22,"column":8},"end":{"line":22,"column":48}},"13":{"start":{"line":23,"column":8},"end":{"line":23,"column":21}},"14":{"start":{"line":26,"column":6},"end":{"line":26,"column":57}},"15":{"start":{"line":27,"column":6},"end":{"line":27,"column":19}},"16":{"start":{"line":29,"column":6},"end":{"line":29,"column":24}},"17":{"start":{"line":34,"column":43},"end":{"line":47,"column":8}},"18":{"start":{"line":35,"column":4},"end":{"line":35,"column":21}},"19":{"start":{"line":36,"column":4},"end":{"line":36,"column":19}},"20":{"start":{"line":38,"column":4},"end":{"line":46,"column":5}},"21":{"start":{"line":39,"column":20},"end":{"line":39,"column":86}},"22":{"start":{"line":40,"column":6},"end":{"line":40,"column":31}},"23":{"start":{"line":42,"column":6},"end":{"line":42,"column":50}},"24":{"start":{"line":43,"column":6},"end":{"line":43,"column":28}},"25":{"start":{"line":45,"column":6},"end":{"line":45,"column":24}},"26":{"start":{"line":50,"column":38},"end":{"line":63,"column":8}},"27":{"start":{"line":51,"column":4},"end":{"line":51,"column":21}},"28":{"start":{"line":52,"column":4},"end":{"line":52,"column":19}},"29":{"start":{"line":54,"column":4},"end":{"line":62,"column":5}},"30":{"start":{"line":55,"column":20},"end":{"line":55,"column":74}},"31":{"start":{"line":56,"column":6},"end":{"line":56,"column":31}},"32":{"start":{"line":58,"column":6},"end":{"line":58,"column":50}},"33":{"start":{"line":59,"column":6},"end":{"line":59,"column":28}},"34":{"start":{"line":61,"column":6},"end":{"line":61,"column":24}},"35":{"start":{"line":66,"column":33},"end":{"line":86,"column":40}},"36":{"start":{"line":67,"column":4},"end":{"line":67,"column":21}},"37":{"start":{"line":68,"column":4},"end":{"line":68,"column":19}},"38":{"start":{"line":70,"column":4},"end":{"line":85,"column":5}},"39":{"start":{"line":71,"column":22},"end":{"line":71,"column":90}},"40":{"start":{"line":72,"column":6},"end":{"line":79,"column":7}},"41":{"start":{"line":74,"column":8},"end":{"line":74,"column":70}},"42":{"start":{"line":75,"column":8},"end":{"line":75,"column":20}},"43":{"start":{"line":77,"column":8},"end":{"line":77,"column":52}},"44":{"start":{"line":78,"column":8},"end":{"line":78,"column":21}},"45":{"start":{"line":81,"column":6},"end":{"line":81,"column":61}},"46":{"start":{"line":82,"column":6},"end":{"line":82,"column":19}},"47":{"start":{"line":84,"column":6},"end":{"line":84,"column":24}},"48":{"start":{"line":89,"column":31},"end":{"line":109,"column":40}},"49":{"start":{"line":90,"column":4},"end":{"line":90,"column":21}},"50":{"start":{"line":91,"column":4},"end":{"line":91,"column":19}},"51":{"start":{"line":93,"column":4},"end":{"line":108,"column":5}},"52":{"start":{"line":94,"column":22},"end":{"line":94,"column":73}},"53":{"start":{"line":95,"column":6},"end":{"line":102,"column":7}},"54":{"start":{"line":97,"column":8},"end":{"line":97,"column":56}},"55":{"start":{"line":98,"column":8},"end":{"line":98,"column":20}},"56":{"start":{"line":100,"column":8},"end":{"line":100,"column":50}},"57":{"start":{"line":101,"column":8},"end":{"line":101,"column":21}},"58":{"start":{"line":104,"column":6},"end":{"line":104,"column":59}},"59":{"start":{"line":105,"column":6},"end":{"line":105,"column":19}},"60":{"start":{"line":107,"column":6},"end":{"line":107,"column":24}},"61":{"start":{"line":112,"column":31},"end":{"line":119,"column":8}},"62":{"start":{"line":113,"column":4},"end":{"line":118,"column":5}},"63":{"start":{"line":114,"column":6},"end":{"line":114,"column":70}},"64":{"start":{"line":116,"column":6},"end":{"line":116,"column":49}},"65":{"start":{"line":117,"column":6},"end":{"line":117,"column":40}},"66":{"start":{"line":122,"column":21},"end":{"line":124,"column":8}},"67":{"start":{"line":123,"column":4},"end":{"line":123,"column":19}},"68":{"start":{"line":127,"column":18},"end":{"line":133,"column":69}},"69":{"start":{"line":128,"column":4},"end":{"line":132,"column":5}},"70":{"start":{"line":129,"column":6},"end":{"line":129,"column":54}},"71":{"start":{"line":131,"column":6},"end":{"line":131,"column":42}},"72":{"start":{"line":135,"column":2},"end":{"line":147,"column":4}}},"fnMap":{"0":{"name":"(anonymous_0)","decl":{"start":{"line":5,"column":33},"end":{"line":5,"column":34}},"loc":{"start":{"line":5,"column":39},"end":{"line":148,"column":1}},"line":5},"1":{"name":"(anonymous_1)","decl":{"start":{"line":11,"column":41},"end":{"line":11,"column":42}},"loc":{"start":{"line":11,"column":103},"end":{"line":31,"column":3}},"line":11},"2":{"name":"(anonymous_2)","decl":{"start":{"line":34,"column":55},"end":{"line":34,"column":56}},"loc":{"start":{"line":34,"column":82},"end":{"line":47,"column":3}},"line":34},"3":{"name":"(anonymous_3)","decl":{"start":{"line":50,"column":50},"end":{"line":50,"column":51}},"loc":{"start":{"line":50,"column":62},"end":{"line":63,"column":3}},"line":50},"4":{"name":"(anonymous_4)","decl":{"start":{"line":66,"column":45},"end":{"line":66,"column":46}},"loc":{"start":{"line":66,"column":119},"end":{"line":86,"column":3}},"line":66},"5":{"name":"(anonymous_5)","decl":{"start":{"line":89,"column":43},"end":{"line":89,"column":44}},"loc":{"start":{"line":89,"column":100},"end":{"line":109,"column":3}},"line":89},"6":{"name":"(anonymous_6)","decl":{"start":{"line":112,"column":43},"end":{"line":112,"column":44}},"loc":{"start":{"line":112,"column":70},"end":{"line":119,"column":3}},"line":112},"7":{"name":"(anonymous_7)","decl":{"start":{"line":122,"column":33},"end":{"line":122,"column":34}},"loc":{"start":{"line":122,"column":39},"end":{"line":124,"column":3}},"line":122},"8":{"name":"(anonymous_8)","decl":{"start":{"line":127,"column":30},"end":{"line":127,"column":31}},"loc":{"start":{"line":127,"column":58},"end":{"line":133,"column":3}},"line":127}},"branchMap":{"0":{"loc":{"start":{"line":17,"column":6},"end":{"line":24,"column":7}},"type":"if","locations":[{"start":{"line":17,"column":6},"end":{"line":24,"column":7}},{"start":{"line":21,"column":13},"end":{"line":24,"column":7}}],"line":17},"1":{"loc":{"start":{"line":72,"column":6},"end":{"line":79,"column":7}},"type":"if","locations":[{"start":{"line":72,"column":6},"end":{"line":79,"column":7}},{"start":{"line":76,"column":13},"end":{"line":79,"column":7}}],"line":72},"2":{"loc":{"start":{"line":95,"column":6},"end":{"line":102,"column":7}},"type":"if","locations":[{"start":{"line":95,"column":6},"end":{"line":102,"column":7}},{"start":{"line":99,"column":13},"end":{"line":102,"column":7}}],"line":95},"3":{"loc":{"start":{"line":128,"column":4},"end":{"line":132,"column":5}},"type":"if","locations":[{"start":{"line":128,"column":4},"end":{"line":132,"column":5}},{"start":{"line":130,"column":11},"end":{"line":132,"column":5}}],"line":128}},"s":{"0":1,"1":5,"2":5,"3":5,"4":5,"5":1,"6":1,"7":1,"8":1,"9":1,"10":1,"11":1,"12":0,"13":0,"14":0,"15":0,"16":1,"17":5,"18":1,"19":1,"20":1,"21":1,"22":1,"23":0,"24":0,"25":1,"26":5,"27":1,"28":1,"29":1,"30":1,"31":1,"32":0,"33":0,"34":1,"35":5,"36":0,"37":0,"38":0,"39":0,"40":0,"41":0,"42":0,"43":0,"44":0,"45":0,"46":0,"47":0,"48":5,"49":0,"50":0,"51":0,"52":0,"53":0,"54":0,"55":0,"56":0,"57":0,"58":0,"59":0,"60":0,"61":5,"62":1,"63":1,"64":0,"65":0,"66":5,"67":0,"68":5,"69":1,"70":0,"71":1,"72":5},"f":{"0":5,"1":1,"2":1,"3":1,"4":0,"5":0,"6":1,"7":0,"8":1},"b":{"0":[1,0],"1":[0,0],"2":[0,0],"3":[0,1]},"_coverageSchema":"1a1c01bbd47fc00a2c39e90264f33305004495a9","hash":"d5df12c20d37538a05214f55cb8977234b8fce0e"}
,"C:\\mikrotik\\_Projects\\tanqueFacil\\services\\abastecimentoService.ts": {"path":"C:\\mikrotik\\_Projects\\tanqueFacil\\services\\abastecimentoService.ts","statementMap":{"0":{"start":{"line":19,"column":36},"end":{"line":169,"column":1}},"1":{"start":{"line":22,"column":4},"end":{"line":49,"column":5}},"2":{"start":{"line":23,"column":17},"end":{"line":23,"column":30}},"3":{"start":{"line":24,"column":21},"end":{"line":43,"column":7}},"4":{"start":{"line":44,"column":6},"end":{"line":44,"column":83}},"5":{"start":{"line":45,"column":6},"end":{"line":45,"column":32}},"6":{"start":{"line":47,"column":6},"end":{"line":47,"column":59}},"7":{"start":{"line":48,"column":6},"end":{"line":48,"column":19}},"8":{"start":{"line":54,"column":4},"end":{"line":64,"column":5}},"9":{"start":{"line":55,"column":17},"end":{"line":55,"column":30}},"10":{"start":{"line":56,"column":19},"end":{"line":59,"column":7}},"11":{"start":{"line":60,"column":6},"end":{"line":60,"column":18}},"12":{"start":{"line":62,"column":6},"end":{"line":62,"column":61}},"13":{"start":{"line":63,"column":6},"end":{"line":63,"column":16}},"14":{"start":{"line":69,"column":4},"end":{"line":76,"column":5}},"15":{"start":{"line":70,"column":17},"end":{"line":70,"column":30}},"16":{"start":{"line":71,"column":19},"end":{"line":71,"column":126}},"17":{"start":{"line":72,"column":6},"end":{"line":72,"column":18}},"18":{"start":{"line":74,"column":6},"end":{"line":74,"column":70}},"19":{"start":{"line":75,"column":6},"end":{"line":75,"column":16}},"20":{"start":{"line":81,"column":4},"end":{"line":108,"column":5}},"21":{"start":{"line":82,"column":17},"end":{"line":82,"column":30}},"22":{"start":{"line":83,"column":21},"end":{"line":102,"column":7}},"23":{"start":{"line":103,"column":6},"end":{"line":103,"column":75}},"24":{"start":{"line":104,"column":6},"end":{"line":104,"column":32}},"25":{"start":{"line":106,"column":6},"end":{"line":106,"column":63}},"26":{"start":{"line":107,"column":6},"end":{"line":107,"column":19}},"27":{"start":{"line":113,"column":4},"end":{"line":121,"column":5}},"28":{"start":{"line":114,"column":17},"end":{"line":114,"column":30}},"29":{"start":{"line":115,"column":21},"end":{"line":115,"column":88}},"30":{"start":{"line":116,"column":6},"end":{"line":116,"column":73}},"31":{"start":{"line":117,"column":6},"end":{"line":117,"column":32}},"32":{"start":{"line":119,"column":6},"end":{"line":119,"column":61}},"33":{"start":{"line":120,"column":6},"end":{"line":120,"column":19}},"34":{"start":{"line":126,"column":4},"end":{"line":167,"column":5}},"35":{"start":{"line":127,"column":29},"end":{"line":127,"column":79}},"36":{"start":{"line":129,"column":6},"end":{"line":131,"column":7}},"37":{"start":{"line":130,"column":8},"end":{"line":130,"column":42}},"38":{"start":{"line":134,"column":24},"end":{"line":134,"column":88}},"39":{"start":{"line":134,"column":54},"end":{"line":134,"column":87}},"40":{"start":{"line":136,"column":32},"end":{"line":136,"column":33}},"41":{"start":{"line":137,"column":30},"end":{"line":137,"column":31}},"42":{"start":{"line":138,"column":30},"end":{"line":138,"column":31}},"43":{"start":{"line":139,"column":28},"end":{"line":139,"column":29}},"44":{"start":{"line":141,"column":6},"end":{"line":155,"column":7}},"45":{"start":{"line":141,"column":19},"end":{"line":141,"column":20}},"46":{"start":{"line":142,"column":25},"end":{"line":142,"column":41}},"47":{"start":{"line":143,"column":22},"end":{"line":143,"column":34}},"48":{"start":{"line":144,"column":26},"end":{"line":144,"column":70}},"49":{"start":{"line":146,"column":8},"end":{"line":154,"column":9}},"50":{"start":{"line":147,"column":10},"end":{"line":153,"column":11}},"51":{"start":{"line":148,"column":12},"end":{"line":148,"column":43}},"52":{"start":{"line":149,"column":12},"end":{"line":149,"column":51}},"53":{"start":{"line":150,"column":17},"end":{"line":153,"column":11}},"54":{"start":{"line":151,"column":12},"end":{"line":151,"column":41}},"55":{"start":{"line":152,"column":12},"end":{"line":152,"column":49}},"56":{"start":{"line":157,"column":30},"end":{"line":157,"column":99}},"57":{"start":{"line":158,"column":28},"end":{"line":158,"column":91}},"58":{"start":{"line":160,"column":6},"end":{"line":163,"column":8}},"59":{"start":{"line":165,"column":6},"end":{"line":165,"column":62}},"60":{"start":{"line":166,"column":6},"end":{"line":166,"column":40}}},"fnMap":{"0":{"name":"(anonymous_0)","decl":{"start":{"line":21,"column":2},"end":{"line":21,"column":3}},"loc":{"start":{"line":21,"column":79},"end":{"line":50,"column":3}},"line":21},"1":{"name":"(anonymous_1)","decl":{"start":{"line":53,"column":2},"end":{"line":53,"column":3}},"loc":{"start":{"line":53,"column":82},"end":{"line":65,"column":3}},"line":53},"2":{"name":"(anonymous_2)","decl":{"start":{"line":68,"column":2},"end":{"line":68,"column":3}},"loc":{"start":{"line":68,"column":62},"end":{"line":77,"column":3}},"line":68},"3":{"name":"(anonymous_3)","decl":{"start":{"line":80,"column":2},"end":{"line":80,"column":3}},"loc":{"start":{"line":80,"column":95},"end":{"line":109,"column":3}},"line":80},"4":{"name":"(anonymous_4)","decl":{"start":{"line":112,"column":2},"end":{"line":112,"column":3}},"loc":{"start":{"line":112,"column":59},"end":{"line":122,"column":3}},"line":112},"5":{"name":"(anonymous_5)","decl":{"start":{"line":125,"column":2},"end":{"line":125,"column":3}},"loc":{"start":{"line":125,"column":93},"end":{"line":168,"column":3}},"line":125},"6":{"name":"(anonymous_6)","decl":{"start":{"line":134,"column":44},"end":{"line":134,"column":45}},"loc":{"start":{"line":134,"column":54},"end":{"line":134,"column":87}},"line":134}},"branchMap":{"0":{"loc":{"start":{"line":38,"column":10},"end":{"line":38,"column":47}},"type":"cond-expr","locations":[{"start":{"line":38,"column":42},"end":{"line":38,"column":43}},{"start":{"line":38,"column":46},"end":{"line":38,"column":47}}],"line":38},"1":{"loc":{"start":{"line":39,"column":10},"end":{"line":39,"column":40}},"type":"binary-expr","locations":[{"start":{"line":39,"column":10},"end":{"line":39,"column":32}},{"start":{"line":39,"column":36},"end":{"line":39,"column":40}}],"line":39},"2":{"loc":{"start":{"line":40,"column":10},"end":{"line":40,"column":41}},"type":"binary-expr","locations":[{"start":{"line":40,"column":10},"end":{"line":40,"column":33}},{"start":{"line":40,"column":37},"end":{"line":40,"column":41}}],"line":40},"3":{"loc":{"start":{"line":97,"column":10},"end":{"line":97,"column":47}},"type":"cond-expr","locations":[{"start":{"line":97,"column":42},"end":{"line":97,"column":43}},{"start":{"line":97,"column":46},"end":{"line":97,"column":47}}],"line":97},"4":{"loc":{"start":{"line":98,"column":10},"end":{"line":98,"column":40}},"type":"binary-expr","locations":[{"start":{"line":98,"column":10},"end":{"line":98,"column":32}},{"start":{"line":98,"column":36},"end":{"line":98,"column":40}}],"line":98},"5":{"loc":{"start":{"line":99,"column":10},"end":{"line":99,"column":41}},"type":"binary-expr","locations":[{"start":{"line":99,"column":10},"end":{"line":99,"column":33}},{"start":{"line":99,"column":37},"end":{"line":99,"column":41}}],"line":99},"6":{"loc":{"start":{"line":129,"column":6},"end":{"line":131,"column":7}},"type":"if","locations":[{"start":{"line":129,"column":6},"end":{"line":131,"column":7}},{"start":{},"end":{}}],"line":129},"7":{"loc":{"start":{"line":146,"column":8},"end":{"line":154,"column":9}},"type":"if","locations":[{"start":{"line":146,"column":8},"end":{"line":154,"column":9}},{"start":{},"end":{}}],"line":146},"8":{"loc":{"start":{"line":147,"column":10},"end":{"line":153,"column":11}},"type":"if","locations":[{"start":{"line":147,"column":10},"end":{"line":153,"column":11}},{"start":{"line":150,"column":17},"end":{"line":153,"column":11}}],"line":147},"9":{"loc":{"start":{"line":150,"column":17},"end":{"line":153,"column":11}},"type":"if","locations":[{"start":{"line":150,"column":17},"end":{"line":153,"column":11}},{"start":{},"end":{}}],"line":150},"10":{"loc":{"start":{"line":157,"column":30},"end":{"line":157,"column":99}},"type":"cond-expr","locations":[{"start":{"line":157,"column":56},"end":{"line":157,"column":95}},{"start":{"line":157,"column":98},"end":{"line":157,"column":99}}],"line":157},"11":{"loc":{"start":{"line":158,"column":28},"end":{"line":158,"column":91}},"type":"cond-expr","locations":[{"start":{"line":158,"column":52},"end":{"line":158,"column":87}},{"start":{"line":158,"column":90},"end":{"line":158,"column":91}}],"line":158}},"s":{"0":5,"1":1,"2":1,"3":1,"4":1,"5":1,"6":0,"7":0,"8":1,"9":1,"10":1,"11":1,"12":0,"13":0,"14":0,"15":0,"16":0,"17":0,"18":0,"19":0,"20":1,"21":1,"22":1,"23":1,"24":1,"25":0,"26":0,"27":1,"28":1,"29":1,"30":1,"31":1,"32":0,"33":0,"34":1,"35":1,"36":1,"37":0,"38":1,"39":3,"40":1,"41":1,"42":1,"43":1,"44":1,"45":1,"46":3,"47":3,"48":3,"49":3,"50":3,"51":2,"52":2,"53":1,"54":1,"55":1,"56":1,"57":1,"58":1,"59":0,"60":0},"f":{"0":1,"1":1,"2":0,"3":1,"4":1,"5":1,"6":3},"b":{"0":[1,0],"1":[1,1],"2":[1,1],"3":[0,1],"4":[1,1],"5":[1,1],"6":[0,1],"7":[3,0],"8":[2,1],"9":[1,0],"10":[1,0],"11":[1,0]},"_coverageSchema":"1a1c01bbd47fc00a2c39e90264f33305004495a9","hash":"9c3b268e8d553fd82e8154525a3151ecfe1845c9"}
,"C:\\mikrotik\\_Projects\\tanqueFacil\\services\\veiculoService.ts": {"path":"C:\\mikrotik\\_Projects\\tanqueFacil\\services\\veiculoService.ts","statementMap":{"0":{"start":{"line":4,"column":30},"end":{"line":158,"column":1}},"1":{"start":{"line":7,"column":4},"end":{"line":39,"column":7}},"2":{"start":{"line":8,"column":43},"end":{"line":17,"column":7}},"3":{"start":{"line":19,"column":6},"end":{"line":38,"column":7}},"4":{"start":{"line":20,"column":19},"end":{"line":20,"column":32}},"5":{"start":{"line":21,"column":23},"end":{"line":34,"column":9}},"6":{"start":{"line":35,"column":8},"end":{"line":35,"column":112}},"7":{"start":{"line":37,"column":8},"end":{"line":37,"column":89}},"8":{"start":{"line":44,"column":4},"end":{"line":63,"column":7}},"9":{"start":{"line":45,"column":6},"end":{"line":62,"column":7}},"10":{"start":{"line":46,"column":19},"end":{"line":46,"column":32}},"11":{"start":{"line":47,"column":21},"end":{"line":47,"column":83}},"12":{"start":{"line":48,"column":36},"end":{"line":58,"column":11}},"13":{"start":{"line":48,"column":60},"end":{"line":58,"column":9}},"14":{"start":{"line":59,"column":8},"end":{"line":59,"column":93}},"15":{"start":{"line":61,"column":8},"end":{"line":61,"column":91}},"16":{"start":{"line":68,"column":4},"end":{"line":91,"column":7}},"17":{"start":{"line":69,"column":6},"end":{"line":90,"column":7}},"18":{"start":{"line":70,"column":19},"end":{"line":70,"column":32}},"19":{"start":{"line":71,"column":20},"end":{"line":71,"column":87}},"20":{"start":{"line":72,"column":8},"end":{"line":87,"column":9}},"21":{"start":{"line":73,"column":35},"end":{"line":83,"column":11}},"22":{"start":{"line":84,"column":10},"end":{"line":84,"column":83}},"23":{"start":{"line":86,"column":10},"end":{"line":86,"column":73}},"24":{"start":{"line":89,"column":8},"end":{"line":89,"column":90}},"25":{"start":{"line":96,"column":4},"end":{"line":134,"column":7}},"26":{"start":{"line":97,"column":43},"end":{"line":106,"column":7}},"27":{"start":{"line":108,"column":6},"end":{"line":133,"column":7}},"28":{"start":{"line":109,"column":19},"end":{"line":109,"column":32}},"29":{"start":{"line":110,"column":23},"end":{"line":125,"column":9}},"30":{"start":{"line":126,"column":8},"end":{"line":130,"column":9}},"31":{"start":{"line":127,"column":10},"end":{"line":127,"column":80}},"32":{"start":{"line":129,"column":10},"end":{"line":129,"column":90}},"33":{"start":{"line":132,"column":8},"end":{"line":132,"column":93}},"34":{"start":{"line":139,"column":4},"end":{"line":156,"column":7}},"35":{"start":{"line":140,"column":6},"end":{"line":155,"column":7}},"36":{"start":{"line":141,"column":19},"end":{"line":141,"column":32}},"37":{"start":{"line":142,"column":25},"end":{"line":142,"column":136}},"38":{"start":{"line":143,"column":8},"end":{"line":146,"column":9}},"39":{"start":{"line":144,"column":10},"end":{"line":144,"column":123}},"40":{"start":{"line":145,"column":10},"end":{"line":145,"column":17}},"41":{"start":{"line":147,"column":20},"end":{"line":147,"column":75}},"42":{"start":{"line":148,"column":8},"end":{"line":152,"column":9}},"43":{"start":{"line":149,"column":10},"end":{"line":149,"column":78}},"44":{"start":{"line":151,"column":10},"end":{"line":151,"column":87}},"45":{"start":{"line":154,"column":8},"end":{"line":154,"column":91}}},"fnMap":{"0":{"name":"(anonymous_0)","decl":{"start":{"line":6,"column":2},"end":{"line":6,"column":3}},"loc":{"start":{"line":6,"column":65},"end":{"line":40,"column":3}},"line":6},"1":{"name":"(anonymous_1)","decl":{"start":{"line":7,"column":23},"end":{"line":7,"column":24}},"loc":{"start":{"line":7,"column":42},"end":{"line":39,"column":5}},"line":7},"2":{"name":"(anonymous_2)","decl":{"start":{"line":43,"column":2},"end":{"line":43,"column":3}},"loc":{"start":{"line":43,"column":47},"end":{"line":64,"column":3}},"line":43},"3":{"name":"(anonymous_3)","decl":{"start":{"line":44,"column":23},"end":{"line":44,"column":24}},"loc":{"start":{"line":44,"column":42},"end":{"line":63,"column":5}},"line":44},"4":{"name":"(anonymous_4)","decl":{"start":{"line":48,"column":45},"end":{"line":48,"column":46}},"loc":{"start":{"line":48,"column":60},"end":{"line":58,"column":9}},"line":48},"5":{"name":"(anonymous_5)","decl":{"start":{"line":67,"column":2},"end":{"line":67,"column":3}},"loc":{"start":{"line":67,"column":57},"end":{"line":92,"column":3}},"line":67},"6":{"name":"(anonymous_6)","decl":{"start":{"line":68,"column":23},"end":{"line":68,"column":24}},"loc":{"start":{"line":68,"column":42},"end":{"line":91,"column":5}},"line":68},"7":{"name":"(anonymous_7)","decl":{"start":{"line":95,"column":2},"end":{"line":95,"column":3}},"loc":{"start":{"line":95,"column":81},"end":{"line":135,"column":3}},"line":95},"8":{"name":"(anonymous_8)","decl":{"start":{"line":96,"column":23},"end":{"line":96,"column":24}},"loc":{"start":{"line":96,"column":42},"end":{"line":134,"column":5}},"line":96},"9":{"name":"(anonymous_9)","decl":{"start":{"line":138,"column":2},"end":{"line":138,"column":3}},"loc":{"start":{"line":138,"column":53},"end":{"line":157,"column":3}},"line":138},"10":{"name":"(anonymous_10)","decl":{"start":{"line":139,"column":23},"end":{"line":139,"column":24}},"loc":{"start":{"line":139,"column":42},"end":{"line":156,"column":5}},"line":139}},"branchMap":{"0":{"loc":{"start":{"line":14,"column":27},"end":{"line":14,"column":64}},"type":"cond-expr","locations":[{"start":{"line":14,"column":59},"end":{"line":14,"column":60}},{"start":{"line":14,"column":63},"end":{"line":14,"column":64}}],"line":14},"1":{"loc":{"start":{"line":15,"column":28},"end":{"line":15,"column":66}},"type":"cond-expr","locations":[{"start":{"line":15,"column":61},"end":{"line":15,"column":62}},{"start":{"line":15,"column":65},"end":{"line":15,"column":66}}],"line":15},"2":{"loc":{"start":{"line":72,"column":8},"end":{"line":87,"column":9}},"type":"if","locations":[{"start":{"line":72,"column":8},"end":{"line":87,"column":9}},{"start":{"line":85,"column":15},"end":{"line":87,"column":9}}],"line":72},"3":{"loc":{"start":{"line":103,"column":27},"end":{"line":103,"column":64}},"type":"cond-expr","locations":[{"start":{"line":103,"column":59},"end":{"line":103,"column":60}},{"start":{"line":103,"column":63},"end":{"line":103,"column":64}}],"line":103},"4":{"loc":{"start":{"line":104,"column":28},"end":{"line":104,"column":66}},"type":"cond-expr","locations":[{"start":{"line":104,"column":61},"end":{"line":104,"column":62}},{"start":{"line":104,"column":65},"end":{"line":104,"column":66}}],"line":104},"5":{"loc":{"start":{"line":126,"column":8},"end":{"line":130,"column":9}},"type":"if","locations":[{"start":{"line":126,"column":8},"end":{"line":130,"column":9}},{"start":{"line":128,"column":15},"end":{"line":130,"column":9}}],"line":126},"6":{"loc":{"start":{"line":143,"column":8},"end":{"line":146,"column":9}},"type":"if","locations":[{"start":{"line":143,"column":8},"end":{"line":146,"column":9}},{"start":{},"end":{}}],"line":143},"7":{"loc":{"start":{"line":143,"column":12},"end":{"line":143,"column":42}},"type":"binary-expr","locations":[{"start":{"line":143,"column":12},"end":{"line":143,"column":20}},{"start":{"line":143,"column":24},"end":{"line":143,"column":42}}],"line":143},"8":{"loc":{"start":{"line":148,"column":8},"end":{"line":152,"column":9}},"type":"if","locations":[{"start":{"line":148,"column":8},"end":{"line":152,"column":9}},{"start":{"line":150,"column":15},"end":{"line":152,"column":9}}],"line":148}},"s":{"0":1,"1":1,"2":1,"3":1,"4":1,"5":1,"6":1,"7":0,"8":1,"9":1,"10":1,"11":1,"12":1,"13":1,"14":1,"15":0,"16":0,"17":0,"18":0,"19":0,"20":0,"21":0,"22":0,"23":0,"24":0,"25":1,"26":1,"27":1,"28":1,"29":1,"30":1,"31":1,"32":0,"33":0,"34":1,"35":1,"36":1,"37":1,"38":1,"39":0,"40":0,"41":1,"42":1,"43":1,"44":0,"45":0},"f":{"0":1,"1":1,"2":1,"3":1,"4":1,"5":0,"6":0,"7":1,"8":1,"9":1,"10":1},"b":{"0":[0,1],"1":[0,1],"2":[0,0],"3":[0,1],"4":[0,1],"5":[1,0],"6":[0,1],"7":[1,1],"8":[1,0]},"_coverageSchema":"1a1c01bbd47fc00a2c39e90264f33305004495a9","hash":"45775f8bcf8b24a241d2d7e9644f576af9fa5dec"}
,"C:\\mikrotik\\_Projects\\tanqueFacil\\src\\store\\index.ts": {"path":"C:\\mikrotik\\_Projects\\tanqueFacil\\src\\store\\index.ts","statementMap":{},"fnMap":{},"branchMap":{},"s":{},"f":{},"b":{},"_coverageSchema":"1a1c01bbd47fc00a2c39e90264f33305004495a9","hash":"08894139927b38686b505fe21a000a98ebabe8de"}
,"C:\\mikrotik\\_Projects\\tanqueFacil\\src\\store\\useVehicleStore.ts": {"path":"C:\\mikrotik\\_Projects\\tanqueFacil\\src\\store\\useVehicleStore.ts","statementMap":{"0":{"start":{"line":14,"column":31},"end":{"line":30,"column":3}},"1":{"start":{"line":14,"column":62},"end":{"line":30,"column":1}},"2":{"start":{"line":17,"column":29},"end":{"line":17,"column":46}},"3":{"start":{"line":18,"column":30},"end":{"line":18,"column":63}},"4":{"start":{"line":19,"column":27},"end":{"line":19,"column":87}},"5":{"start":{"line":19,"column":43},"end":{"line":19,"column":85}},"6":{"start":{"line":21,"column":4},"end":{"line":25,"column":7}},"7":{"start":{"line":21,"column":20},"end":{"line":25,"column":5}},"8":{"start":{"line":23,"column":8},"end":{"line":23,"column":67}},"9":{"start":{"line":27,"column":4},"end":{"line":29,"column":7}},"10":{"start":{"line":27,"column":20},"end":{"line":29,"column":5}},"11":{"start":{"line":28,"column":51},"end":{"line":28,"column":75}}},"fnMap":{"0":{"name":"(anonymous_0)","decl":{"start":{"line":14,"column":52},"end":{"line":14,"column":53}},"loc":{"start":{"line":14,"column":62},"end":{"line":30,"column":1}},"line":14},"1":{"name":"(anonymous_1)","decl":{"start":{"line":17,"column":15},"end":{"line":17,"column":16}},"loc":{"start":{"line":17,"column":29},"end":{"line":17,"column":46}},"line":17},"2":{"name":"(anonymous_2)","decl":{"start":{"line":18,"column":17},"end":{"line":18,"column":18}},"loc":{"start":{"line":18,"column":30},"end":{"line":18,"column":63}},"line":18},"3":{"name":"(anonymous_3)","decl":{"start":{"line":19,"column":14},"end":{"line":19,"column":15}},"loc":{"start":{"line":19,"column":27},"end":{"line":19,"column":87}},"line":19},"4":{"name":"(anonymous_4)","decl":{"start":{"line":19,"column":31},"end":{"line":19,"column":32}},"loc":{"start":{"line":19,"column":43},"end":{"line":19,"column":85}},"line":19},"5":{"name":"(anonymous_5)","decl":{"start":{"line":20,"column":17},"end":{"line":20,"column":18}},"loc":{"start":{"line":21,"column":4},"end":{"line":25,"column":7}},"line":21},"6":{"name":"(anonymous_6)","decl":{"start":{"line":21,"column":8},"end":{"line":21,"column":9}},"loc":{"start":{"line":21,"column":20},"end":{"line":25,"column":5}},"line":21},"7":{"name":"(anonymous_7)","decl":{"start":{"line":22,"column":35},"end":{"line":22,"column":36}},"loc":{"start":{"line":23,"column":8},"end":{"line":23,"column":67}},"line":23},"8":{"name":"(anonymous_8)","decl":{"start":{"line":26,"column":17},"end":{"line":26,"column":18}},"loc":{"start":{"line":27,"column":4},"end":{"line":29,"column":7}},"line":27},"9":{"name":"(anonymous_9)","decl":{"start":{"line":27,"column":8},"end":{"line":27,"column":9}},"loc":{"start":{"line":27,"column":20},"end":{"line":29,"column":5}},"line":27},"10":{"name":"(anonymous_10)","decl":{"start":{"line":28,"column":38},"end":{"line":28,"column":39}},"loc":{"start":{"line":28,"column":51},"end":{"line":28,"column":75}},"line":28}},"branchMap":{"0":{"loc":{"start":{"line":23,"column":8},"end":{"line":23,"column":67}},"type":"cond-expr","locations":[{"start":{"line":23,"column":43},"end":{"line":23,"column":57}},{"start":{"line":23,"column":60},"end":{"line":23,"column":67}}],"line":23}},"s":{"0":1,"1":1,"2":7,"3":6,"4":2,"5":2,"6":1,"7":1,"8":1,"9":1,"10":1,"11":2},"f":{"0":1,"1":7,"2":6,"3":2,"4":2,"5":1,"6":1,"7":1,"8":1,"9":1,"10":2},"b":{"0":[1,0]},"_coverageSchema":"1a1c01bbd47fc00a2c39e90264f33305004495a9","hash":"eba2ec51f10445912adb2d43cebc9afda5d26777"}
,"C:\\mikrotik\\_Projects\\tanqueFacil\\src\\utils\\consumo.ts": {"path":"C:\\mikrotik\\_Projects\\tanqueFacil\\src\\utils\\consumo.ts","statementMap":{"0":{"start":{"line":2,"column":2},"end":{"line":2,"column":73}},"1":{"start":{"line":2,"column":64},"end":{"line":2,"column":73}},"2":{"start":{"line":3,"column":2},"end":{"line":3,"column":49}},"3":{"start":{"line":7,"column":2},"end":{"line":7,"column":80}},"4":{"start":{"line":7,"column":71},"end":{"line":7,"column":80}},"5":{"start":{"line":8,"column":2},"end":{"line":8,"column":53}}},"fnMap":{"0":{"name":"consumoKmPorLitro","decl":{"start":{"line":1,"column":16},"end":{"line":1,"column":33}},"loc":{"start":{"line":1,"column":77},"end":{"line":4,"column":1}},"line":1},"1":{"name":"custoPorKm","decl":{"start":{"line":6,"column":16},"end":{"line":6,"column":26}},"loc":{"start":{"line":6,"column":74},"end":{"line":9,"column":1}},"line":6}},"branchMap":{"0":{"loc":{"start":{"line":2,"column":2},"end":{"line":2,"column":73}},"type":"if","locations":[{"start":{"line":2,"column":2},"end":{"line":2,"column":73}},{"start":{},"end":{}}],"line":2},"1":{"loc":{"start":{"line":2,"column":6},"end":{"line":2,"column":62}},"type":"binary-expr","locations":[{"start":{"line":2,"column":6},"end":{"line":2,"column":26}},{"start":{"line":2,"column":30},"end":{"line":2,"column":47}},{"start":{"line":2,"column":51},"end":{"line":2,"column":62}}],"line":2},"2":{"loc":{"start":{"line":7,"column":2},"end":{"line":7,"column":80}},"type":"if","locations":[{"start":{"line":7,"column":2},"end":{"line":7,"column":80}},{"start":{},"end":{}}],"line":7},"3":{"loc":{"start":{"line":7,"column":6},"end":{"line":7,"column":69}},"type":"binary-expr","locations":[{"start":{"line":7,"column":6},"end":{"line":7,"column":27}},{"start":{"line":7,"column":31},"end":{"line":7,"column":51}},{"start":{"line":7,"column":55},"end":{"line":7,"column":69}}],"line":7}},"s":{"0":3,"1":1,"2":2,"3":3,"4":1,"5":2},"f":{"0":3,"1":3},"b":{"0":[1,2],"1":[3,3,3],"2":[1,2],"3":[3,3,3]},"_coverageSchema":"1a1c01bbd47fc00a2c39e90264f33305004495a9","hash":"277fda8d100ed91dbbe93abc32a29971d47116b1"}
,"C:\\mikrotik\\_Projects\\tanqueFacil\\src\\utils\\format.ts": {"path":"C:\\mikrotik\\_Projects\\tanqueFacil\\src\\utils\\format.ts","statementMap":{"0":{"start":{"line":1,"column":25},"end":{"line":4,"column":3}},"1":{"start":{"line":2,"column":2},"end":{"line":4,"column":3}},"2":{"start":{"line":6,"column":32},"end":{"line":10,"column":1}},"3":{"start":{"line":7,"column":12},"end":{"line":7,"column":58}},"4":{"start":{"line":8,"column":2},"end":{"line":8,"column":87}},"5":{"start":{"line":8,"column":22},"end":{"line":8,"column":87}},"6":{"start":{"line":9,"column":2},"end":{"line":9,"column":67}},"7":{"start":{"line":12,"column":25},"end":{"line":12,"column":74}},"8":{"start":{"line":12,"column":40},"end":{"line":12,"column":74}}},"fnMap":{"0":{"name":"(anonymous_0)","decl":{"start":{"line":1,"column":25},"end":{"line":1,"column":26}},"loc":{"start":{"line":2,"column":2},"end":{"line":4,"column":3}},"line":2},"1":{"name":"(anonymous_1)","decl":{"start":{"line":6,"column":32},"end":{"line":6,"column":33}},"loc":{"start":{"line":6,"column":52},"end":{"line":10,"column":1}},"line":6},"2":{"name":"(anonymous_2)","decl":{"start":{"line":12,"column":25},"end":{"line":12,"column":26}},"loc":{"start":{"line":12,"column":40},"end":{"line":12,"column":74}},"line":12}},"branchMap":{"0":{"loc":{"start":{"line":3,"column":4},"end":{"line":3,"column":45}},"type":"cond-expr","locations":[{"start":{"line":3,"column":29},"end":{"line":3,"column":40}},{"start":{"line":3,"column":44},"end":{"line":3,"column":45}}],"line":3},"1":{"loc":{"start":{"line":7,"column":13},"end":{"line":7,"column":25}},"type":"binary-expr","locations":[{"start":{"line":7,"column":13},"end":{"line":7,"column":19}},{"start":{"line":7,"column":23},"end":{"line":7,"column":25}}],"line":7},"2":{"loc":{"start":{"line":8,"column":2},"end":{"line":8,"column":87}},"type":"if","locations":[{"start":{"line":8,"column":2},"end":{"line":8,"column":87}},{"start":{},"end":{}}],"line":8},"3":{"loc":{"start":{"line":12,"column":50},"end":{"line":12,"column":56}},"type":"binary-expr","locations":[{"start":{"line":12,"column":50},"end":{"line":12,"column":51}},{"start":{"line":12,"column":55},"end":{"line":12,"column":56}}],"line":12}},"s":{"0":1,"1":1,"2":1,"3":2,"4":2,"5":1,"6":1,"7":1,"8":1},"f":{"0":1,"1":2,"2":1},"b":{"0":[1,0],"1":[2,0],"2":[1,1],"3":[1,0]},"_coverageSchema":"1a1c01bbd47fc00a2c39e90264f33305004495a9","hash":"8bc70829474bb12c899f961ab619eca4f9e1e7fd"}
}
