{"C:\\mikrotik\\_Projects\\tanqueFacil\\services\\veiculoService.ts": {"path":"C:\\mikrotik\\_Projects\\tanqueFacil\\services\\veiculoService.ts","statementMap":{"0":{"start":{"line":4,"column":30},"end":{"line":158,"column":1}},"1":{"start":{"line":7,"column":4},"end":{"line":39,"column":7}},"2":{"start":{"line":8,"column":43},"end":{"line":17,"column":7}},"3":{"start":{"line":19,"column":6},"end":{"line":38,"column":7}},"4":{"start":{"line":20,"column":19},"end":{"line":20,"column":32}},"5":{"start":{"line":21,"column":23},"end":{"line":34,"column":9}},"6":{"start":{"line":35,"column":8},"end":{"line":35,"column":112}},"7":{"start":{"line":37,"column":8},"end":{"line":37,"column":89}},"8":{"start":{"line":44,"column":4},"end":{"line":63,"column":7}},"9":{"start":{"line":45,"column":6},"end":{"line":62,"column":7}},"10":{"start":{"line":46,"column":19},"end":{"line":46,"column":32}},"11":{"start":{"line":47,"column":21},"end":{"line":47,"column":83}},"12":{"start":{"line":48,"column":36},"end":{"line":58,"column":11}},"13":{"start":{"line":48,"column":60},"end":{"line":58,"column":9}},"14":{"start":{"line":59,"column":8},"end":{"line":59,"column":93}},"15":{"start":{"line":61,"column":8},"end":{"line":61,"column":91}},"16":{"start":{"line":68,"column":4},"end":{"line":91,"column":7}},"17":{"start":{"line":69,"column":6},"end":{"line":90,"column":7}},"18":{"start":{"line":70,"column":19},"end":{"line":70,"column":32}},"19":{"start":{"line":71,"column":20},"end":{"line":71,"column":87}},"20":{"start":{"line":72,"column":8},"end":{"line":87,"column":9}},"21":{"start":{"line":73,"column":35},"end":{"line":83,"column":11}},"22":{"start":{"line":84,"column":10},"end":{"line":84,"column":83}},"23":{"start":{"line":86,"column":10},"end":{"line":86,"column":73}},"24":{"start":{"line":89,"column":8},"end":{"line":89,"column":90}},"25":{"start":{"line":96,"column":4},"end":{"line":134,"column":7}},"26":{"start":{"line":97,"column":43},"end":{"line":106,"column":7}},"27":{"start":{"line":108,"column":6},"end":{"line":133,"column":7}},"28":{"start":{"line":109,"column":19},"end":{"line":109,"column":32}},"29":{"start":{"line":110,"column":23},"end":{"line":125,"column":9}},"30":{"start":{"line":126,"column":8},"end":{"line":130,"column":9}},"31":{"start":{"line":127,"column":10},"end":{"line":127,"column":80}},"32":{"start":{"line":129,"column":10},"end":{"line":129,"column":90}},"33":{"start":{"line":132,"column":8},"end":{"line":132,"column":93}},"34":{"start":{"line":139,"column":4},"end":{"line":156,"column":7}},"35":{"start":{"line":140,"column":6},"end":{"line":155,"column":7}},"36":{"start":{"line":141,"column":19},"end":{"line":141,"column":32}},"37":{"start":{"line":142,"column":25},"end":{"line":142,"column":136}},"38":{"start":{"line":143,"column":8},"end":{"line":146,"column":9}},"39":{"start":{"line":144,"column":10},"end":{"line":144,"column":123}},"40":{"start":{"line":145,"column":10},"end":{"line":145,"column":17}},"41":{"start":{"line":147,"column":20},"end":{"line":147,"column":75}},"42":{"start":{"line":148,"column":8},"end":{"line":152,"column":9}},"43":{"start":{"line":149,"column":10},"end":{"line":149,"column":78}},"44":{"start":{"line":151,"column":10},"end":{"line":151,"column":87}},"45":{"start":{"line":154,"column":8},"end":{"line":154,"column":91}}},"fnMap":{"0":{"name":"(anonymous_0)","decl":{"start":{"line":6,"column":2},"end":{"line":6,"column":3}},"loc":{"start":{"line":6,"column":65},"end":{"line":40,"column":3}},"line":6},"1":{"name":"(anonymous_1)","decl":{"start":{"line":7,"column":23},"end":{"line":7,"column":24}},"loc":{"start":{"line":7,"column":42},"end":{"line":39,"column":5}},"line":7},"2":{"name":"(anonymous_2)","decl":{"start":{"line":43,"column":2},"end":{"line":43,"column":3}},"loc":{"start":{"line":43,"column":47},"end":{"line":64,"column":3}},"line":43},"3":{"name":"(anonymous_3)","decl":{"start":{"line":44,"column":23},"end":{"line":44,"column":24}},"loc":{"start":{"line":44,"column":42},"end":{"line":63,"column":5}},"line":44},"4":{"name":"(anonymous_4)","decl":{"start":{"line":48,"column":45},"end":{"line":48,"column":46}},"loc":{"start":{"line":48,"column":60},"end":{"line":58,"column":9}},"line":48},"5":{"name":"(anonymous_5)","decl":{"start":{"line":67,"column":2},"end":{"line":67,"column":3}},"loc":{"start":{"line":67,"column":57},"end":{"line":92,"column":3}},"line":67},"6":{"name":"(anonymous_6)","decl":{"start":{"line":68,"column":23},"end":{"line":68,"column":24}},"loc":{"start":{"line":68,"column":42},"end":{"line":91,"column":5}},"line":68},"7":{"name":"(anonymous_7)","decl":{"start":{"line":95,"column":2},"end":{"line":95,"column":3}},"loc":{"start":{"line":95,"column":81},"end":{"line":135,"column":3}},"line":95},"8":{"name":"(anonymous_8)","decl":{"start":{"line":96,"column":23},"end":{"line":96,"column":24}},"loc":{"start":{"line":96,"column":42},"end":{"line":134,"column":5}},"line":96},"9":{"name":"(anonymous_9)","decl":{"start":{"line":138,"column":2},"end":{"line":138,"column":3}},"loc":{"start":{"line":138,"column":53},"end":{"line":157,"column":3}},"line":138},"10":{"name":"(anonymous_10)","decl":{"start":{"line":139,"column":23},"end":{"line":139,"column":24}},"loc":{"start":{"line":139,"column":42},"end":{"line":156,"column":5}},"line":139}},"branchMap":{"0":{"loc":{"start":{"line":14,"column":27},"end":{"line":14,"column":64}},"type":"cond-expr","locations":[{"start":{"line":14,"column":59},"end":{"line":14,"column":60}},{"start":{"line":14,"column":63},"end":{"line":14,"column":64}}],"line":14},"1":{"loc":{"start":{"line":15,"column":28},"end":{"line":15,"column":66}},"type":"cond-expr","locations":[{"start":{"line":15,"column":61},"end":{"line":15,"column":62}},{"start":{"line":15,"column":65},"end":{"line":15,"column":66}}],"line":15},"2":{"loc":{"start":{"line":72,"column":8},"end":{"line":87,"column":9}},"type":"if","locations":[{"start":{"line":72,"column":8},"end":{"line":87,"column":9}},{"start":{"line":85,"column":15},"end":{"line":87,"column":9}}],"line":72},"3":{"loc":{"start":{"line":103,"column":27},"end":{"line":103,"column":64}},"type":"cond-expr","locations":[{"start":{"line":103,"column":59},"end":{"line":103,"column":60}},{"start":{"line":103,"column":63},"end":{"line":103,"column":64}}],"line":103},"4":{"loc":{"start":{"line":104,"column":28},"end":{"line":104,"column":66}},"type":"cond-expr","locations":[{"start":{"line":104,"column":61},"end":{"line":104,"column":62}},{"start":{"line":104,"column":65},"end":{"line":104,"column":66}}],"line":104},"5":{"loc":{"start":{"line":126,"column":8},"end":{"line":130,"column":9}},"type":"if","locations":[{"start":{"line":126,"column":8},"end":{"line":130,"column":9}},{"start":{"line":128,"column":15},"end":{"line":130,"column":9}}],"line":126},"6":{"loc":{"start":{"line":143,"column":8},"end":{"line":146,"column":9}},"type":"if","locations":[{"start":{"line":143,"column":8},"end":{"line":146,"column":9}},{"start":{},"end":{}}],"line":143},"7":{"loc":{"start":{"line":143,"column":12},"end":{"line":143,"column":42}},"type":"binary-expr","locations":[{"start":{"line":143,"column":12},"end":{"line":143,"column":20}},{"start":{"line":143,"column":24},"end":{"line":143,"column":42}}],"line":143},"8":{"loc":{"start":{"line":148,"column":8},"end":{"line":152,"column":9}},"type":"if","locations":[{"start":{"line":148,"column":8},"end":{"line":152,"column":9}},{"start":{"line":150,"column":15},"end":{"line":152,"column":9}}],"line":148}},"s":{"0":1,"1":1,"2":1,"3":1,"4":1,"5":1,"6":1,"7":0,"8":1,"9":1,"10":1,"11":1,"12":1,"13":1,"14":1,"15":0,"16":0,"17":0,"18":0,"19":0,"20":0,"21":0,"22":0,"23":0,"24":0,"25":1,"26":1,"27":1,"28":1,"29":1,"30":1,"31":1,"32":0,"33":0,"34":1,"35":1,"36":1,"37":1,"38":1,"39":0,"40":0,"41":1,"42":1,"43":1,"44":0,"45":0},"f":{"0":1,"1":1,"2":1,"3":1,"4":1,"5":0,"6":0,"7":1,"8":1,"9":1,"10":1},"b":{"0":[0,1],"1":[0,1],"2":[0,0],"3":[0,1],"4":[0,1],"5":[1,0],"6":[0,1],"7":[1,1],"8":[1,0]},"_coverageSchema":"1a1c01bbd47fc00a2c39e90264f33305004495a9","hash":"45775f8bcf8b24a241d2d7e9644f576af9fa5dec"}
,"C:\\mikrotik\\_Projects\\tanqueFacil\\src\\store\\index.ts": {"path":"C:\\mikrotik\\_Projects\\tanqueFacil\\src\\store\\index.ts","statementMap":{},"fnMap":{},"branchMap":{},"s":{},"f":{},"b":{},"_coverageSchema":"1a1c01bbd47fc00a2c39e90264f33305004495a9","hash":"08894139927b38686b505fe21a000a98ebabe8de"}
,"C:\\mikrotik\\_Projects\\tanqueFacil\\src\\store\\useVehicleStore.ts": {"path":"C:\\mikrotik\\_Projects\\tanqueFacil\\src\\store\\useVehicleStore.ts","statementMap":{"0":{"start":{"line":14,"column":31},"end":{"line":30,"column":3}},"1":{"start":{"line":14,"column":62},"end":{"line":30,"column":1}},"2":{"start":{"line":17,"column":29},"end":{"line":17,"column":46}},"3":{"start":{"line":18,"column":30},"end":{"line":18,"column":63}},"4":{"start":{"line":19,"column":27},"end":{"line":19,"column":87}},"5":{"start":{"line":19,"column":43},"end":{"line":19,"column":85}},"6":{"start":{"line":21,"column":4},"end":{"line":25,"column":7}},"7":{"start":{"line":21,"column":20},"end":{"line":25,"column":5}},"8":{"start":{"line":23,"column":8},"end":{"line":23,"column":67}},"9":{"start":{"line":27,"column":4},"end":{"line":29,"column":7}},"10":{"start":{"line":27,"column":20},"end":{"line":29,"column":5}},"11":{"start":{"line":28,"column":51},"end":{"line":28,"column":75}}},"fnMap":{"0":{"name":"(anonymous_0)","decl":{"start":{"line":14,"column":52},"end":{"line":14,"column":53}},"loc":{"start":{"line":14,"column":62},"end":{"line":30,"column":1}},"line":14},"1":{"name":"(anonymous_1)","decl":{"start":{"line":17,"column":15},"end":{"line":17,"column":16}},"loc":{"start":{"line":17,"column":29},"end":{"line":17,"column":46}},"line":17},"2":{"name":"(anonymous_2)","decl":{"start":{"line":18,"column":17},"end":{"line":18,"column":18}},"loc":{"start":{"line":18,"column":30},"end":{"line":18,"column":63}},"line":18},"3":{"name":"(anonymous_3)","decl":{"start":{"line":19,"column":14},"end":{"line":19,"column":15}},"loc":{"start":{"line":19,"column":27},"end":{"line":19,"column":87}},"line":19},"4":{"name":"(anonymous_4)","decl":{"start":{"line":19,"column":31},"end":{"line":19,"column":32}},"loc":{"start":{"line":19,"column":43},"end":{"line":19,"column":85}},"line":19},"5":{"name":"(anonymous_5)","decl":{"start":{"line":20,"column":17},"end":{"line":20,"column":18}},"loc":{"start":{"line":21,"column":4},"end":{"line":25,"column":7}},"line":21},"6":{"name":"(anonymous_6)","decl":{"start":{"line":21,"column":8},"end":{"line":21,"column":9}},"loc":{"start":{"line":21,"column":20},"end":{"line":25,"column":5}},"line":21},"7":{"name":"(anonymous_7)","decl":{"start":{"line":22,"column":35},"end":{"line":22,"column":36}},"loc":{"start":{"line":23,"column":8},"end":{"line":23,"column":67}},"line":23},"8":{"name":"(anonymous_8)","decl":{"start":{"line":26,"column":17},"end":{"line":26,"column":18}},"loc":{"start":{"line":27,"column":4},"end":{"line":29,"column":7}},"line":27},"9":{"name":"(anonymous_9)","decl":{"start":{"line":27,"column":8},"end":{"line":27,"column":9}},"loc":{"start":{"line":27,"column":20},"end":{"line":29,"column":5}},"line":27},"10":{"name":"(anonymous_10)","decl":{"start":{"line":28,"column":38},"end":{"line":28,"column":39}},"loc":{"start":{"line":28,"column":51},"end":{"line":28,"column":75}},"line":28}},"branchMap":{"0":{"loc":{"start":{"line":23,"column":8},"end":{"line":23,"column":67}},"type":"cond-expr","locations":[{"start":{"line":23,"column":43},"end":{"line":23,"column":57}},{"start":{"line":23,"column":60},"end":{"line":23,"column":67}}],"line":23}},"s":{"0":1,"1":1,"2":7,"3":6,"4":2,"5":2,"6":1,"7":1,"8":1,"9":1,"10":1,"11":2},"f":{"0":1,"1":7,"2":6,"3":2,"4":2,"5":1,"6":1,"7":1,"8":1,"9":1,"10":2},"b":{"0":[1,0]},"_coverageSchema":"1a1c01bbd47fc00a2c39e90264f33305004495a9","hash":"eba2ec51f10445912adb2d43cebc9afda5d26777"}
}
