TN:
SF:services\abastecimentoService.ts
FN:22,(anonymous_0)
FN:54,(anonymous_1)
FN:69,(anonymous_2)
FN:84,(anonymous_3)
FN:96,(anonymous_4)
FN:128,(anonymous_5)
FN:141,(anonymous_6)
FN:162,(anonymous_7)
FN:171,(anonymous_8)
FN:207,(anonymous_9)
FNF:10
FNH:6
FNDA:1,(anonymous_0)
FNDA:1,(anonymous_1)
FNDA:0,(anonymous_2)
FNDA:0,(anonymous_3)
FNDA:1,(anonymous_4)
FNDA:1,(anonymous_5)
FNDA:0,(anonymous_6)
FNDA:1,(anonymous_7)
FNDA:3,(anonymous_8)
FNDA:0,(anonymous_9)
DA:20,5
DA:23,1
DA:24,1
DA:25,1
DA:45,1
DA:46,1
DA:48,0
DA:49,0
DA:55,1
DA:56,1
DA:57,1
DA:61,1
DA:63,0
DA:64,0
DA:70,0
DA:71,0
DA:72,0
DA:76,0
DA:78,0
DA:79,0
DA:85,0
DA:86,0
DA:87,0
DA:88,0
DA:90,0
DA:91,0
DA:97,1
DA:98,1
DA:99,1
DA:119,1
DA:120,1
DA:122,0
DA:123,0
DA:129,1
DA:130,1
DA:131,1
DA:132,1
DA:133,1
DA:135,0
DA:136,0
DA:142,0
DA:143,0
DA:144,0
DA:145,0
DA:149,0
DA:150,0
DA:151,0
DA:154,0
DA:156,0
DA:157,0
DA:163,1
DA:164,1
DA:166,1
DA:167,0
DA:171,3
DA:173,1
DA:174,1
DA:175,1
DA:176,1
DA:178,1
DA:179,3
DA:180,3
DA:181,3
DA:183,3
DA:184,3
DA:185,2
DA:186,2
DA:187,1
DA:188,1
DA:189,1
DA:194,1
DA:195,1
DA:197,1
DA:202,0
DA:203,0
DA:208,0
DA:209,0
DA:210,0
DA:211,0
DA:212,0
DA:213,0
DA:214,0
DA:217,0
DA:219,0
DA:220,0
DA:222,0
DA:229,0
DA:230,0
LF:88
LH:42
BRDA:39,0,0,1
BRDA:39,0,1,0
BRDA:40,1,0,1
BRDA:40,1,1,1
BRDA:41,2,0,1
BRDA:41,2,1,1
BRDA:76,3,0,0
BRDA:76,3,1,0
BRDA:113,4,0,0
BRDA:113,4,1,1
BRDA:114,5,0,1
BRDA:114,5,1,1
BRDA:115,6,0,1
BRDA:115,6,1,1
BRDA:144,7,0,0
BRDA:144,7,1,0
BRDA:150,8,0,0
BRDA:150,8,1,0
BRDA:150,9,0,0
BRDA:150,9,1,0
BRDA:166,10,0,0
BRDA:166,10,1,1
BRDA:183,11,0,3
BRDA:183,11,1,0
BRDA:184,12,0,2
BRDA:184,12,1,1
BRDA:187,13,0,1
BRDA:187,13,1,0
BRDA:194,14,0,1
BRDA:194,14,1,0
BRDA:195,15,0,1
BRDA:195,15,1,0
BRDA:212,16,0,0
BRDA:212,16,1,0
BRDA:220,17,0,0
BRDA:220,17,1,0
BRDA:223,18,0,0
BRDA:223,18,1,0
BRDA:224,19,0,0
BRDA:224,19,1,0
BRDA:225,20,0,0
BRDA:225,20,1,0
BRDA:226,21,0,0
BRDA:226,21,1,0
BRF:44
BRH:17
end_of_record
TN:
SF:services\veiculoService.ts
FN:6,(anonymous_0)
FN:7,(anonymous_1)
FN:61,(anonymous_2)
FN:62,(anonymous_3)
FN:66,(anonymous_4)
FN:88,(anonymous_5)
FN:89,(anonymous_6)
FN:119,(anonymous_7)
FN:120,(anonymous_8)
FN:166,(anonymous_9)
FN:167,(anonymous_10)
FN:187,(anonymous_11)
FN:188,(anonymous_12)
FNF:13
FNH:9
FNDA:2,(anonymous_0)
FNDA:2,(anonymous_1)
FNDA:1,(anonymous_2)
FNDA:1,(anonymous_3)
FNDA:1,(anonymous_4)
FNDA:0,(anonymous_5)
FNDA:0,(anonymous_6)
FNDA:1,(anonymous_7)
FNDA:1,(anonymous_8)
FNDA:0,(anonymous_9)
FNDA:0,(anonymous_10)
FNDA:1,(anonymous_11)
FNDA:1,(anonymous_12)
DA:4,6
DA:7,2
DA:8,2
DA:21,2
DA:22,2
DA:23,2
DA:42,2
DA:43,2
DA:44,2
DA:45,2
DA:46,2
DA:49,2
DA:55,0
DA:62,1
DA:63,1
DA:64,1
DA:65,1
DA:66,1
DA:80,1
DA:82,0
DA:89,0
DA:90,0
DA:91,0
DA:92,0
DA:93,0
DA:94,0
DA:108,0
DA:110,0
DA:113,0
DA:120,1
DA:121,1
DA:122,1
DA:123,1
DA:143,1
DA:145,1
DA:146,1
DA:147,1
DA:148,1
DA:149,1
DA:151,1
DA:157,0
DA:160,0
DA:167,0
DA:168,0
DA:169,0
DA:170,0
DA:175,0
DA:176,0
DA:178,0
DA:181,0
DA:188,1
DA:189,1
DA:190,1
DA:191,1
DA:192,1
DA:193,0
DA:194,0
DA:196,1
DA:197,1
DA:198,1
DA:200,0
DA:203,0
LF:62
LH:37
BRDA:43,0,0,2
BRDA:43,0,1,0
BRDA:93,1,0,0
BRDA:93,1,1,0
BRDA:136,2,0,0
BRDA:136,2,1,1
BRDA:137,3,0,0
BRDA:137,3,1,1
BRDA:139,4,0,1
BRDA:139,4,1,1
BRDA:140,5,0,0
BRDA:140,5,1,1
BRDA:143,6,0,1
BRDA:143,6,1,0
BRDA:146,7,0,1
BRDA:146,7,1,0
BRDA:175,8,0,0
BRDA:175,8,1,0
BRDA:192,9,0,0
BRDA:192,9,1,1
BRDA:192,10,0,1
BRDA:192,10,1,1
BRDA:197,11,0,1
BRDA:197,11,1,0
BRF:24
BRH:12
end_of_record
TN:
SF:src\utils\consumo.ts
FN:1,consumoKmPorLitro
FN:6,custoPorKm
FNF:2
FNH:2
FNDA:3,consumoKmPorLitro
FNDA:3,custoPorKm
DA:2,3
DA:3,2
DA:7,3
DA:8,2
LF:4
LH:4
BRDA:2,0,0,1
BRDA:2,0,1,2
BRDA:2,1,0,3
BRDA:2,1,1,3
BRDA:2,1,2,3
BRDA:7,2,0,1
BRDA:7,2,1,2
BRDA:7,3,0,3
BRDA:7,3,1,3
BRDA:7,3,2,3
BRF:10
BRH:10
end_of_record
TN:
SF:src\utils\format.ts
FN:1,(anonymous_0)
FN:6,(anonymous_1)
FN:12,(anonymous_2)
FN:14,(anonymous_3)
FN:20,(anonymous_4)
FN:26,(anonymous_5)
FN:42,(anonymous_6)
FNF:7
FNH:3
FNDA:1,(anonymous_0)
FNDA:2,(anonymous_1)
FNDA:1,(anonymous_2)
FNDA:0,(anonymous_3)
FNDA:0,(anonymous_4)
FNDA:0,(anonymous_5)
FNDA:0,(anonymous_6)
DA:1,1
DA:2,1
DA:6,1
DA:7,2
DA:8,2
DA:9,1
DA:12,1
DA:14,1
DA:15,0
DA:16,0
DA:17,0
DA:20,1
DA:21,0
DA:22,0
DA:23,0
DA:26,1
DA:28,0
DA:31,0
DA:34,0
DA:35,0
DA:36,0
DA:39,0
DA:42,1
DA:43,0
LF:24
LH:11
BRDA:3,0,0,1
BRDA:3,0,1,0
BRDA:7,1,0,2
BRDA:7,1,1,0
BRDA:8,2,0,1
BRDA:8,2,1,1
BRDA:12,3,0,1
BRDA:12,3,1,0
BRDA:15,4,0,0
BRDA:15,4,1,0
BRDA:21,5,0,0
BRDA:21,5,1,0
BRDA:35,6,0,0
BRDA:35,6,1,0
BRDA:43,7,0,0
BRDA:43,7,1,0
BRF:16
BRH:5
end_of_record
