TN:
SF:hooks\useAbastecimentos.ts
FN:5,(anonymous_0)
FN:11,(anonymous_1)
FN:34,(anonymous_2)
FN:50,(anonymous_3)
FN:66,(anonymous_4)
FN:89,(anonymous_5)
FN:112,(anonymous_6)
FN:122,(anonymous_7)
FN:127,(anonymous_8)
FNF:9
FNH:6
FNDA:5,(anonymous_0)
FNDA:1,(anonymous_1)
FNDA:1,(anonymous_2)
FNDA:1,(anonymous_3)
FNDA:0,(anonymous_4)
FNDA:0,(anonymous_5)
FNDA:1,(anonymous_6)
FNDA:0,(anonymous_7)
FNDA:1,(anonymous_8)
DA:5,1
DA:6,5
DA:7,5
DA:8,5
DA:11,5
DA:12,1
DA:13,1
DA:15,1
DA:16,1
DA:17,1
DA:19,1
DA:20,1
DA:22,0
DA:23,0
DA:26,0
DA:27,0
DA:29,1
DA:34,5
DA:35,1
DA:36,1
DA:38,1
DA:39,1
DA:40,1
DA:42,0
DA:43,0
DA:45,1
DA:50,5
DA:51,1
DA:52,1
DA:54,1
DA:55,1
DA:56,1
DA:58,0
DA:59,0
DA:61,1
DA:66,5
DA:67,0
DA:68,0
DA:70,0
DA:71,0
DA:72,0
DA:74,0
DA:75,0
DA:77,0
DA:78,0
DA:81,0
DA:82,0
DA:84,0
DA:89,5
DA:90,0
DA:91,0
DA:93,0
DA:94,0
DA:95,0
DA:97,0
DA:98,0
DA:100,0
DA:101,0
DA:104,0
DA:105,0
DA:107,0
DA:112,5
DA:113,1
DA:114,1
DA:116,0
DA:117,0
DA:122,5
DA:123,0
DA:127,5
DA:128,1
DA:129,0
DA:131,1
DA:135,5
LF:73
LH:37
BRDA:17,0,0,1
BRDA:17,0,1,0
BRDA:72,1,0,0
BRDA:72,1,1,0
BRDA:95,2,0,0
BRDA:95,2,1,0
BRDA:128,3,0,0
BRDA:128,3,1,1
BRF:8
BRH:2
end_of_record
TN:
SF:services\abastecimentoService.ts
FN:21,(anonymous_0)
FN:53,(anonymous_1)
FN:68,(anonymous_2)
FN:80,(anonymous_3)
FN:112,(anonymous_4)
FN:125,(anonymous_5)
FN:134,(anonymous_6)
FNF:7
FNH:6
FNDA:1,(anonymous_0)
FNDA:1,(anonymous_1)
FNDA:0,(anonymous_2)
FNDA:1,(anonymous_3)
FNDA:1,(anonymous_4)
FNDA:1,(anonymous_5)
FNDA:3,(anonymous_6)
DA:19,5
DA:22,1
DA:23,1
DA:24,1
DA:44,1
DA:45,1
DA:47,0
DA:48,0
DA:54,1
DA:55,1
DA:56,1
DA:60,1
DA:62,0
DA:63,0
DA:69,0
DA:70,0
DA:71,0
DA:72,0
DA:74,0
DA:75,0
DA:81,1
DA:82,1
DA:83,1
DA:103,1
DA:104,1
DA:106,0
DA:107,0
DA:113,1
DA:114,1
DA:115,1
DA:116,1
DA:117,1
DA:119,0
DA:120,0
DA:126,1
DA:127,1
DA:129,1
DA:130,0
DA:134,3
DA:136,1
DA:137,1
DA:138,1
DA:139,1
DA:141,1
DA:142,3
DA:143,3
DA:144,3
DA:146,3
DA:147,3
DA:148,2
DA:149,2
DA:150,1
DA:151,1
DA:152,1
DA:157,1
DA:158,1
DA:160,1
DA:165,0
DA:166,0
LF:59
LH:42
BRDA:38,0,0,1
BRDA:38,0,1,0
BRDA:39,1,0,1
BRDA:39,1,1,1
BRDA:40,2,0,1
BRDA:40,2,1,1
BRDA:97,3,0,0
BRDA:97,3,1,1
BRDA:98,4,0,1
BRDA:98,4,1,1
BRDA:99,5,0,1
BRDA:99,5,1,1
BRDA:129,6,0,0
BRDA:129,6,1,1
BRDA:146,7,0,3
BRDA:146,7,1,0
BRDA:147,8,0,2
BRDA:147,8,1,1
BRDA:150,9,0,1
BRDA:150,9,1,0
BRDA:157,10,0,1
BRDA:157,10,1,0
BRDA:158,11,0,1
BRDA:158,11,1,0
BRF:24
BRH:17
end_of_record
TN:
SF:services\veiculoService.ts
FN:6,(anonymous_0)
FN:7,(anonymous_1)
FN:43,(anonymous_2)
FN:44,(anonymous_3)
FN:48,(anonymous_4)
FN:67,(anonymous_5)
FN:68,(anonymous_6)
FN:95,(anonymous_7)
FN:96,(anonymous_8)
FN:138,(anonymous_9)
FN:139,(anonymous_10)
FNF:11
FNH:9
FNDA:1,(anonymous_0)
FNDA:1,(anonymous_1)
FNDA:1,(anonymous_2)
FNDA:1,(anonymous_3)
FNDA:1,(anonymous_4)
FNDA:0,(anonymous_5)
FNDA:0,(anonymous_6)
FNDA:1,(anonymous_7)
FNDA:1,(anonymous_8)
FNDA:1,(anonymous_9)
FNDA:1,(anonymous_10)
DA:4,1
DA:7,1
DA:8,1
DA:19,1
DA:20,1
DA:21,1
DA:35,1
DA:37,0
DA:44,1
DA:45,1
DA:46,1
DA:47,1
DA:48,1
DA:59,1
DA:61,0
DA:68,0
DA:69,0
DA:70,0
DA:71,0
DA:72,0
DA:73,0
DA:84,0
DA:86,0
DA:89,0
DA:96,1
DA:97,1
DA:108,1
DA:109,1
DA:110,1
DA:126,1
DA:127,1
DA:129,0
DA:132,0
DA:139,1
DA:140,1
DA:141,1
DA:142,1
DA:143,1
DA:144,0
DA:145,0
DA:147,1
DA:148,1
DA:149,1
DA:151,0
DA:154,0
LF:45
LH:28
BRDA:14,0,0,0
BRDA:14,0,1,1
BRDA:15,1,0,0
BRDA:15,1,1,1
BRDA:72,2,0,0
BRDA:72,2,1,0
BRDA:103,3,0,0
BRDA:103,3,1,1
BRDA:104,4,0,0
BRDA:104,4,1,1
BRDA:126,5,0,1
BRDA:126,5,1,0
BRDA:143,6,0,0
BRDA:143,6,1,1
BRDA:143,7,0,1
BRDA:143,7,1,1
BRDA:148,8,0,1
BRDA:148,8,1,0
BRF:18
BRH:9
end_of_record
TN:
SF:src\store\index.ts
FNF:0
FNH:0
LF:0
LH:0
BRF:0
BRH:0
end_of_record
TN:
SF:src\store\useVehicleStore.ts
FN:14,(anonymous_0)
FN:17,(anonymous_1)
FN:18,(anonymous_2)
FN:19,(anonymous_3)
FN:19,(anonymous_4)
FN:20,(anonymous_5)
FN:21,(anonymous_6)
FN:22,(anonymous_7)
FN:26,(anonymous_8)
FN:27,(anonymous_9)
FN:28,(anonymous_10)
FNF:11
FNH:11
FNDA:1,(anonymous_0)
FNDA:7,(anonymous_1)
FNDA:6,(anonymous_2)
FNDA:2,(anonymous_3)
FNDA:2,(anonymous_4)
FNDA:1,(anonymous_5)
FNDA:1,(anonymous_6)
FNDA:1,(anonymous_7)
FNDA:1,(anonymous_8)
FNDA:1,(anonymous_9)
FNDA:2,(anonymous_10)
DA:14,1
DA:17,7
DA:18,6
DA:19,2
DA:21,1
DA:23,1
DA:27,1
DA:28,2
LF:8
LH:8
BRDA:23,0,0,1
BRDA:23,0,1,0
BRF:2
BRH:1
end_of_record
TN:
SF:src\utils\consumo.ts
FN:1,consumoKmPorLitro
FN:6,custoPorKm
FNF:2
FNH:2
FNDA:3,consumoKmPorLitro
FNDA:3,custoPorKm
DA:2,3
DA:3,2
DA:7,3
DA:8,2
LF:4
LH:4
BRDA:2,0,0,1
BRDA:2,0,1,2
BRDA:2,1,0,3
BRDA:2,1,1,3
BRDA:2,1,2,3
BRDA:7,2,0,1
BRDA:7,2,1,2
BRDA:7,3,0,3
BRDA:7,3,1,3
BRDA:7,3,2,3
BRF:10
BRH:10
end_of_record
TN:
SF:src\utils\format.ts
FN:1,(anonymous_0)
FN:6,(anonymous_1)
FN:12,(anonymous_2)
FNF:3
FNH:3
FNDA:1,(anonymous_0)
FNDA:2,(anonymous_1)
FNDA:1,(anonymous_2)
DA:1,1
DA:2,1
DA:6,1
DA:7,2
DA:8,2
DA:9,1
DA:12,1
LF:7
LH:7
BRDA:3,0,0,1
BRDA:3,0,1,0
BRDA:7,1,0,2
BRDA:7,1,1,0
BRDA:8,2,0,1
BRDA:8,2,1,1
BRDA:12,3,0,1
BRDA:12,3,1,0
BRF:8
BRH:5
end_of_record
